


ARM Macro Assembler    Page 1 


    1 00000000         ; Copyright (c) 2009 Nordic Semiconductor. All Rights Re
                       served.
    2 00000000         ; The information contained herein is confidential prope
                       rty of Nordic
    3 00000000         ; Semiconductor ASA.Terms and conditions of usage are de
                       scribed in detail
    4 00000000         ; in NORDIC SEMICONDUCTOR STANDARD SOFTWARE LICENSE AGRE
                       EMENT.
    5 00000000         ; Licensees are granted free, non-transferable use of th
                       e information. NO
    6 00000000         ; WARRANTY of ANY KIND is provided. This heading must NO
                       T be removed from
    7 00000000         ; the file.
    8 00000000         
    9 00000000         ; Description message
   10 00000000         
   11 00000000 00000800 
                       Stack_Size
                               EQU              2048
   12 00000000                 AREA             STACK, NOINIT, READWRITE, ALIGN
=3
   13 00000000         Stack_Mem
                               SPACE            Stack_Size
   14 00000800         __initial_sp
   15 00000800         
   16 00000800 00000800 
                       Heap_Size
                               EQU              2048
   17 00000800         
   18 00000800                 AREA             HEAP, NOINIT, READWRITE, ALIGN=
3
   19 00000000         __heap_base
   20 00000000         Heap_Mem
                               SPACE            Heap_Size
   21 00000800         __heap_limit
   22 00000800         
   23 00000800                 PRESERVE8
   24 00000800                 THUMB
   25 00000800         
   26 00000800         ; Vector Table Mapped to Address 0 at Reset
   27 00000800         
   28 00000800                 AREA             RESET, DATA, READONLY
   29 00000000                 EXPORT           __Vectors
   30 00000000                 EXPORT           __Vectors_End
   31 00000000                 EXPORT           __Vectors_Size
   32 00000000         
   33 00000000 00000000 
                       __Vectors
                               DCD              __initial_sp ; Top of Stack
   34 00000004 00000000        DCD              Reset_Handler ; Reset Handler
   35 00000008 00000000        DCD              NMI_Handler ; NMI Handler
   36 0000000C 00000000        DCD              HardFault_Handler ; Hard Fault 
                                                            Handler
   37 00000010 00000000        DCD              0           ; Reserved
   38 00000014 00000000        DCD              0           ; Reserved
   39 00000018 00000000        DCD              0           ; Reserved
   40 0000001C 00000000        DCD              0           ; Reserved
   41 00000020 00000000        DCD              0           ; Reserved
   42 00000024 00000000        DCD              0           ; Reserved



ARM Macro Assembler    Page 2 


   43 00000028 00000000        DCD              0           ; Reserved
   44 0000002C 00000000        DCD              SVC_Handler ; SVCall Handler
   45 00000030 00000000        DCD              0           ; Reserved
   46 00000034 00000000        DCD              0           ; Reserved
   47 00000038 00000000        DCD              PendSV_Handler ; PendSV Handler
                                                            
   48 0000003C 00000000        DCD              SysTick_Handler 
                                                            ; SysTick Handler
   49 00000040         
   50 00000040         ; External Interrupts
   51 00000040 00000000        DCD              POWER_CLOCK_IRQHandler 
                                                            ;POWER_CLOCK
   52 00000044 00000000        DCD              RADIO_IRQHandler ;RADIO
   53 00000048 00000000        DCD              UART0_IRQHandler ;UART0
   54 0000004C 00000000        DCD              SPI0_TWI0_IRQHandler ;SPI0_TWI0
                                                            
   55 00000050 00000000        DCD              SPI1_TWI1_IRQHandler ;SPI1_TWI1
                                                            
   56 00000054 00000000        DCD              0           ;Reserved
   57 00000058 00000000        DCD              GPIOTE_IRQHandler ;GPIOTE
   58 0000005C 00000000        DCD              ADC_IRQHandler ;ADC
   59 00000060 00000000        DCD              TIMER0_IRQHandler ;TIMER0
   60 00000064 00000000        DCD              TIMER1_IRQHandler ;TIMER1
   61 00000068 00000000        DCD              TIMER2_IRQHandler ;TIMER2
   62 0000006C 00000000        DCD              RTC0_IRQHandler ;RTC0
   63 00000070 00000000        DCD              TEMP_IRQHandler ;TEMP
   64 00000074 00000000        DCD              RNG_IRQHandler ;RNG
   65 00000078 00000000        DCD              ECB_IRQHandler ;ECB
   66 0000007C 00000000        DCD              CCM_AAR_IRQHandler ;CCM_AAR
   67 00000080 00000000        DCD              WDT_IRQHandler ;WDT
   68 00000084 00000000        DCD              RTC1_IRQHandler ;RTC1
   69 00000088 00000000        DCD              QDEC_IRQHandler ;QDEC
   70 0000008C 00000000        DCD              0           ;Reserved
   71 00000090 00000000        DCD              SWI0_IRQHandler ;SWI0
   72 00000094 00000000        DCD              SWI1_IRQHandler ;SWI1
   73 00000098 00000000        DCD              SWI2_IRQHandler ;SWI2
   74 0000009C 00000000        DCD              SWI3_IRQHandler ;SWI3
   75 000000A0 00000000        DCD              SWI4_IRQHandler ;SWI4
   76 000000A4 00000000        DCD              SWI5_IRQHandler ;SWI5
   77 000000A8 00000000        DCD              0           ;Reserved
   78 000000AC 00000000        DCD              0           ;Reserved
   79 000000B0 00000000        DCD              0           ;Reserved
   80 000000B4 00000000        DCD              0           ;Reserved
   81 000000B8 00000000        DCD              0           ;Reserved
   82 000000BC 00000000        DCD              0           ;Reserved
   83 000000C0         
   84 000000C0         
   85 000000C0         __Vectors_End
   86 000000C0         
   87 000000C0 000000C0 
                       __Vectors_Size
                               EQU              __Vectors_End - __Vectors
   88 000000C0         
   89 000000C0                 AREA             |.text|, CODE, READONLY
   90 00000000         
   91 00000000         ; Reset Handler
   92 00000000         
   93 00000000         Reset_Handler
                               PROC



ARM Macro Assembler    Page 3 


   94 00000000                 EXPORT           Reset_Handler             [WEAK
]
   95 00000000                 IMPORT           SystemInit
   96 00000000                 IMPORT           __main
   97 00000000 4804            LDR              R0, =SystemInit
   98 00000002 4780            BLX              R0
   99 00000004 4804            LDR              R0, =__main
  100 00000006 4700            BX               R0
  101 00000008                 ENDP
  102 00000008         
  103 00000008         ; Dummy Exception Handlers (infinite loops which can be 
                       modified)
  104 00000008         
  105 00000008         NMI_Handler
                               PROC
  106 00000008                 EXPORT           NMI_Handler               [WEAK
]
  107 00000008 E7FE            B                .
  108 0000000A                 ENDP
  110 0000000A         HardFault_Handler
                               PROC
  111 0000000A                 EXPORT           HardFault_Handler         [WEAK
]
  112 0000000A E7FE            B                .
  113 0000000C                 ENDP
  114 0000000C         SVC_Handler
                               PROC
  115 0000000C                 EXPORT           SVC_Handler               [WEAK
]
  116 0000000C E7FE            B                .
  117 0000000E                 ENDP
  118 0000000E         PendSV_Handler
                               PROC
  119 0000000E                 EXPORT           PendSV_Handler            [WEAK
]
  120 0000000E E7FE            B                .
  121 00000010                 ENDP
  122 00000010         SysTick_Handler
                               PROC
  123 00000010                 EXPORT           SysTick_Handler           [WEAK
]
  124 00000010 E7FE            B                .
  125 00000012                 ENDP
  126 00000012         
  127 00000012         Default_Handler
                               PROC
  128 00000012         
  129 00000012                 EXPORT           POWER_CLOCK_IRQHandler [WEAK]
  130 00000012                 EXPORT           RADIO_IRQHandler [WEAK]
  131 00000012                 EXPORT           UART0_IRQHandler [WEAK]
  132 00000012                 EXPORT           SPI0_TWI0_IRQHandler [WEAK]
  133 00000012                 EXPORT           SPI1_TWI1_IRQHandler [WEAK]
  134 00000012                 EXPORT           GPIOTE_IRQHandler [WEAK]
  135 00000012                 EXPORT           ADC_IRQHandler [WEAK]
  136 00000012                 EXPORT           TIMER0_IRQHandler [WEAK]
  137 00000012                 EXPORT           TIMER1_IRQHandler [WEAK]
  138 00000012                 EXPORT           TIMER2_IRQHandler [WEAK]
  139 00000012                 EXPORT           RTC0_IRQHandler [WEAK]
  140 00000012                 EXPORT           TEMP_IRQHandler [WEAK]



ARM Macro Assembler    Page 4 


  141 00000012                 EXPORT           RNG_IRQHandler [WEAK]
  142 00000012                 EXPORT           ECB_IRQHandler [WEAK]
  143 00000012                 EXPORT           CCM_AAR_IRQHandler [WEAK]
  144 00000012                 EXPORT           WDT_IRQHandler [WEAK]
  145 00000012                 EXPORT           RTC1_IRQHandler [WEAK]
  146 00000012                 EXPORT           QDEC_IRQHandler [WEAK]
  147 00000012                 EXPORT           SWI0_IRQHandler [WEAK]
  148 00000012                 EXPORT           SWI1_IRQHandler [WEAK]
  149 00000012                 EXPORT           SWI2_IRQHandler [WEAK]
  150 00000012                 EXPORT           SWI3_IRQHandler [WEAK]
  151 00000012                 EXPORT           SWI4_IRQHandler [WEAK]
  152 00000012                 EXPORT           SWI5_IRQHandler [WEAK]
  153 00000012         POWER_CLOCK_IRQHandler
  154 00000012         RADIO_IRQHandler
  155 00000012         UART0_IRQHandler
  156 00000012         SPI0_TWI0_IRQHandler
  157 00000012         SPI1_TWI1_IRQHandler
  158 00000012         GPIOTE_IRQHandler
  159 00000012         ADC_IRQHandler
  160 00000012         TIMER0_IRQHandler
  161 00000012         TIMER1_IRQHandler
  162 00000012         TIMER2_IRQHandler
  163 00000012         RTC0_IRQHandler
  164 00000012         TEMP_IRQHandler
  165 00000012         RNG_IRQHandler
  166 00000012         ECB_IRQHandler
  167 00000012         CCM_AAR_IRQHandler
  168 00000012         WDT_IRQHandler
  169 00000012         RTC1_IRQHandler
  170 00000012         QDEC_IRQHandler
  171 00000012         SWI0_IRQHandler
  172 00000012         SWI1_IRQHandler
  173 00000012         SWI2_IRQHandler
  174 00000012         SWI3_IRQHandler
  175 00000012         SWI4_IRQHandler
  176 00000012         SWI5_IRQHandler
  177 00000012         
  178 00000012 E7FE            B                .
  179 00000014                 ENDP
  180 00000014                 ALIGN
  181 00000014         
  182 00000014         ; User Initial Stack & Heap
  183 00000014         
  184 00000014                 IF               :DEF:__MICROLIB
  185 00000014         
  186 00000014                 EXPORT           __initial_sp
  187 00000014                 EXPORT           __heap_base
  188 00000014                 EXPORT           __heap_limit
  189 00000014         
  190 00000014                 ELSE
  204                          ENDIF
  205 00000014         
  206 00000014                 END
              00000000 
              00000000 
Command Line: --debug --xref --cpu=Cortex-M0 --apcs=interwork --depend=.\_build
\startup_arm_nrf51.d -o.\_build\startup_arm_nrf51.o -IC:\Keil\ARM\RV31\INC -IC:
\Keil\ARM\CMSIS\Include --predefine="__MICROLIB SETA 1" --list=.\_build\startup
_arm_nrf51.lst ..\..\..\..\Source\templates\arm\arm_startup_nrf51.s



ARM Macro Assembler    Page 1 Alphabetic symbol ordering
Relocatable symbols

STACK 00000000

Symbol: STACK
   Definitions
      At line 12 in file ..\..\..\..\Source\templates\arm\arm_startup_nrf51.s
   Uses
      None
Comment: STACK unused
Stack_Mem 00000000

Symbol: Stack_Mem
   Definitions
      At line 13 in file ..\..\..\..\Source\templates\arm\arm_startup_nrf51.s
   Uses
      None
Comment: Stack_Mem unused
__initial_sp 00000800

Symbol: __initial_sp
   Definitions
      At line 14 in file ..\..\..\..\Source\templates\arm\arm_startup_nrf51.s
   Uses
      At line 33 in file ..\..\..\..\Source\templates\arm\arm_startup_nrf51.s
      At line 186 in file ..\..\..\..\Source\templates\arm\arm_startup_nrf51.s

3 symbols



ARM Macro Assembler    Page 1 Alphabetic symbol ordering
Relocatable symbols

HEAP 00000000

Symbol: HEAP
   Definitions
      At line 18 in file ..\..\..\..\Source\templates\arm\arm_startup_nrf51.s
   Uses
      None
Comment: HEAP unused
Heap_Mem 00000000

Symbol: Heap_Mem
   Definitions
      At line 20 in file ..\..\..\..\Source\templates\arm\arm_startup_nrf51.s
   Uses
      None
Comment: Heap_Mem unused
__heap_base 00000000

Symbol: __heap_base
   Definitions
      At line 19 in file ..\..\..\..\Source\templates\arm\arm_startup_nrf51.s
   Uses
      At line 187 in file ..\..\..\..\Source\templates\arm\arm_startup_nrf51.s
Comment: __heap_base used once
__heap_limit 00000800

Symbol: __heap_limit
   Definitions
      At line 21 in file ..\..\..\..\Source\templates\arm\arm_startup_nrf51.s
   Uses
      At line 188 in file ..\..\..\..\Source\templates\arm\arm_startup_nrf51.s
Comment: __heap_limit used once
4 symbols



ARM Macro Assembler    Page 1 Alphabetic symbol ordering
Relocatable symbols

RESET 00000000

Symbol: RESET
   Definitions
      At line 28 in file ..\..\..\..\Source\templates\arm\arm_startup_nrf51.s
   Uses
      None
Comment: RESET unused
__Vectors 00000000

Symbol: __Vectors
   Definitions
      At line 33 in file ..\..\..\..\Source\templates\arm\arm_startup_nrf51.s
   Uses
      At line 29 in file ..\..\..\..\Source\templates\arm\arm_startup_nrf51.s
      At line 87 in file ..\..\..\..\Source\templates\arm\arm_startup_nrf51.s

__Vectors_End 000000C0

Symbol: __Vectors_End
   Definitions
      At line 85 in file ..\..\..\..\Source\templates\arm\arm_startup_nrf51.s
   Uses
      At line 30 in file ..\..\..\..\Source\templates\arm\arm_startup_nrf51.s
      At line 87 in file ..\..\..\..\Source\templates\arm\arm_startup_nrf51.s

3 symbols



ARM Macro Assembler    Page 1 Alphabetic symbol ordering
Relocatable symbols

.text 00000000

Symbol: .text
   Definitions
      At line 89 in file ..\..\..\..\Source\templates\arm\arm_startup_nrf51.s
   Uses
      None
Comment: .text unused
ADC_IRQHandler 00000012

Symbol: ADC_IRQHandler
   Definitions
      At line 159 in file ..\..\..\..\Source\templates\arm\arm_startup_nrf51.s
   Uses
      At line 58 in file ..\..\..\..\Source\templates\arm\arm_startup_nrf51.s
      At line 135 in file ..\..\..\..\Source\templates\arm\arm_startup_nrf51.s

CCM_AAR_IRQHandler 00000012

Symbol: CCM_AAR_IRQHandler
   Definitions
      At line 167 in file ..\..\..\..\Source\templates\arm\arm_startup_nrf51.s
   Uses
      At line 66 in file ..\..\..\..\Source\templates\arm\arm_startup_nrf51.s
      At line 143 in file ..\..\..\..\Source\templates\arm\arm_startup_nrf51.s

Default_Handler 00000012

Symbol: Default_Handler
   Definitions
      At line 127 in file ..\..\..\..\Source\templates\arm\arm_startup_nrf51.s
   Uses
      None
Comment: Default_Handler unused
ECB_IRQHandler 00000012

Symbol: ECB_IRQHandler
   Definitions
      At line 166 in file ..\..\..\..\Source\templates\arm\arm_startup_nrf51.s
   Uses
      At line 65 in file ..\..\..\..\Source\templates\arm\arm_startup_nrf51.s
      At line 142 in file ..\..\..\..\Source\templates\arm\arm_startup_nrf51.s

GPIOTE_IRQHandler 00000012

Symbol: GPIOTE_IRQHandler
   Definitions
      At line 158 in file ..\..\..\..\Source\templates\arm\arm_startup_nrf51.s
   Uses
      At line 57 in file ..\..\..\..\Source\templates\arm\arm_startup_nrf51.s
      At line 134 in file ..\..\..\..\Source\templates\arm\arm_startup_nrf51.s

HardFault_Handler 0000000A

Symbol: HardFault_Handler
   Definitions
      At line 110 in file ..\..\..\..\Source\templates\arm\arm_startup_nrf51.s
   Uses
      At line 36 in file ..\..\..\..\Source\templates\arm\arm_startup_nrf51.s



ARM Macro Assembler    Page 2 Alphabetic symbol ordering
Relocatable symbols

      At line 111 in file ..\..\..\..\Source\templates\arm\arm_startup_nrf51.s

NMI_Handler 00000008

Symbol: NMI_Handler
   Definitions
      At line 105 in file ..\..\..\..\Source\templates\arm\arm_startup_nrf51.s
   Uses
      At line 35 in file ..\..\..\..\Source\templates\arm\arm_startup_nrf51.s
      At line 106 in file ..\..\..\..\Source\templates\arm\arm_startup_nrf51.s

POWER_CLOCK_IRQHandler 00000012

Symbol: POWER_CLOCK_IRQHandler
   Definitions
      At line 153 in file ..\..\..\..\Source\templates\arm\arm_startup_nrf51.s
   Uses
      At line 51 in file ..\..\..\..\Source\templates\arm\arm_startup_nrf51.s
      At line 129 in file ..\..\..\..\Source\templates\arm\arm_startup_nrf51.s

PendSV_Handler 0000000E

Symbol: PendSV_Handler
   Definitions
      At line 118 in file ..\..\..\..\Source\templates\arm\arm_startup_nrf51.s
   Uses
      At line 47 in file ..\..\..\..\Source\templates\arm\arm_startup_nrf51.s
      At line 119 in file ..\..\..\..\Source\templates\arm\arm_startup_nrf51.s

QDEC_IRQHandler 00000012

Symbol: QDEC_IRQHandler
   Definitions
      At line 170 in file ..\..\..\..\Source\templates\arm\arm_startup_nrf51.s
   Uses
      At line 69 in file ..\..\..\..\Source\templates\arm\arm_startup_nrf51.s
      At line 146 in file ..\..\..\..\Source\templates\arm\arm_startup_nrf51.s

RADIO_IRQHandler 00000012

Symbol: RADIO_IRQHandler
   Definitions
      At line 154 in file ..\..\..\..\Source\templates\arm\arm_startup_nrf51.s
   Uses
      At line 52 in file ..\..\..\..\Source\templates\arm\arm_startup_nrf51.s
      At line 130 in file ..\..\..\..\Source\templates\arm\arm_startup_nrf51.s

RNG_IRQHandler 00000012

Symbol: RNG_IRQHandler
   Definitions
      At line 165 in file ..\..\..\..\Source\templates\arm\arm_startup_nrf51.s
   Uses
      At line 64 in file ..\..\..\..\Source\templates\arm\arm_startup_nrf51.s
      At line 141 in file ..\..\..\..\Source\templates\arm\arm_startup_nrf51.s

RTC0_IRQHandler 00000012

Symbol: RTC0_IRQHandler



ARM Macro Assembler    Page 3 Alphabetic symbol ordering
Relocatable symbols

   Definitions
      At line 163 in file ..\..\..\..\Source\templates\arm\arm_startup_nrf51.s
   Uses
      At line 62 in file ..\..\..\..\Source\templates\arm\arm_startup_nrf51.s
      At line 139 in file ..\..\..\..\Source\templates\arm\arm_startup_nrf51.s

RTC1_IRQHandler 00000012

Symbol: RTC1_IRQHandler
   Definitions
      At line 169 in file ..\..\..\..\Source\templates\arm\arm_startup_nrf51.s
   Uses
      At line 68 in file ..\..\..\..\Source\templates\arm\arm_startup_nrf51.s
      At line 145 in file ..\..\..\..\Source\templates\arm\arm_startup_nrf51.s

Reset_Handler 00000000

Symbol: Reset_Handler
   Definitions
      At line 93 in file ..\..\..\..\Source\templates\arm\arm_startup_nrf51.s
   Uses
      At line 34 in file ..\..\..\..\Source\templates\arm\arm_startup_nrf51.s
      At line 94 in file ..\..\..\..\Source\templates\arm\arm_startup_nrf51.s

SPI0_TWI0_IRQHandler 00000012

Symbol: SPI0_TWI0_IRQHandler
   Definitions
      At line 156 in file ..\..\..\..\Source\templates\arm\arm_startup_nrf51.s
   Uses
      At line 54 in file ..\..\..\..\Source\templates\arm\arm_startup_nrf51.s
      At line 132 in file ..\..\..\..\Source\templates\arm\arm_startup_nrf51.s

SPI1_TWI1_IRQHandler 00000012

Symbol: SPI1_TWI1_IRQHandler
   Definitions
      At line 157 in file ..\..\..\..\Source\templates\arm\arm_startup_nrf51.s
   Uses
      At line 55 in file ..\..\..\..\Source\templates\arm\arm_startup_nrf51.s
      At line 133 in file ..\..\..\..\Source\templates\arm\arm_startup_nrf51.s

SVC_Handler 0000000C

Symbol: SVC_Handler
   Definitions
      At line 114 in file ..\..\..\..\Source\templates\arm\arm_startup_nrf51.s
   Uses
      At line 44 in file ..\..\..\..\Source\templates\arm\arm_startup_nrf51.s
      At line 115 in file ..\..\..\..\Source\templates\arm\arm_startup_nrf51.s

SWI0_IRQHandler 00000012

Symbol: SWI0_IRQHandler
   Definitions
      At line 171 in file ..\..\..\..\Source\templates\arm\arm_startup_nrf51.s
   Uses
      At line 71 in file ..\..\..\..\Source\templates\arm\arm_startup_nrf51.s
      At line 147 in file ..\..\..\..\Source\templates\arm\arm_startup_nrf51.s



ARM Macro Assembler    Page 4 Alphabetic symbol ordering
Relocatable symbols


SWI1_IRQHandler 00000012

Symbol: SWI1_IRQHandler
   Definitions
      At line 172 in file ..\..\..\..\Source\templates\arm\arm_startup_nrf51.s
   Uses
      At line 72 in file ..\..\..\..\Source\templates\arm\arm_startup_nrf51.s
      At line 148 in file ..\..\..\..\Source\templates\arm\arm_startup_nrf51.s

SWI2_IRQHandler 00000012

Symbol: SWI2_IRQHandler
   Definitions
      At line 173 in file ..\..\..\..\Source\templates\arm\arm_startup_nrf51.s
   Uses
      At line 73 in file ..\..\..\..\Source\templates\arm\arm_startup_nrf51.s
      At line 149 in file ..\..\..\..\Source\templates\arm\arm_startup_nrf51.s

SWI3_IRQHandler 00000012

Symbol: SWI3_IRQHandler
   Definitions
      At line 174 in file ..\..\..\..\Source\templates\arm\arm_startup_nrf51.s
   Uses
      At line 74 in file ..\..\..\..\Source\templates\arm\arm_startup_nrf51.s
      At line 150 in file ..\..\..\..\Source\templates\arm\arm_startup_nrf51.s

SWI4_IRQHandler 00000012

Symbol: SWI4_IRQHandler
   Definitions
      At line 175 in file ..\..\..\..\Source\templates\arm\arm_startup_nrf51.s
   Uses
      At line 75 in file ..\..\..\..\Source\templates\arm\arm_startup_nrf51.s
      At line 151 in file ..\..\..\..\Source\templates\arm\arm_startup_nrf51.s

SWI5_IRQHandler 00000012

Symbol: SWI5_IRQHandler
   Definitions
      At line 176 in file ..\..\..\..\Source\templates\arm\arm_startup_nrf51.s
   Uses
      At line 76 in file ..\..\..\..\Source\templates\arm\arm_startup_nrf51.s
      At line 152 in file ..\..\..\..\Source\templates\arm\arm_startup_nrf51.s

SysTick_Handler 00000010

Symbol: SysTick_Handler
   Definitions
      At line 122 in file ..\..\..\..\Source\templates\arm\arm_startup_nrf51.s
   Uses
      At line 48 in file ..\..\..\..\Source\templates\arm\arm_startup_nrf51.s
      At line 123 in file ..\..\..\..\Source\templates\arm\arm_startup_nrf51.s

TEMP_IRQHandler 00000012

Symbol: TEMP_IRQHandler
   Definitions



ARM Macro Assembler    Page 5 Alphabetic symbol ordering
Relocatable symbols

      At line 164 in file ..\..\..\..\Source\templates\arm\arm_startup_nrf51.s
   Uses
      At line 63 in file ..\..\..\..\Source\templates\arm\arm_startup_nrf51.s
      At line 140 in file ..\..\..\..\Source\templates\arm\arm_startup_nrf51.s

TIMER0_IRQHandler 00000012

Symbol: TIMER0_IRQHandler
   Definitions
      At line 160 in file ..\..\..\..\Source\templates\arm\arm_startup_nrf51.s
   Uses
      At line 59 in file ..\..\..\..\Source\templates\arm\arm_startup_nrf51.s
      At line 136 in file ..\..\..\..\Source\templates\arm\arm_startup_nrf51.s

TIMER1_IRQHandler 00000012

Symbol: TIMER1_IRQHandler
   Definitions
      At line 161 in file ..\..\..\..\Source\templates\arm\arm_startup_nrf51.s
   Uses
      At line 60 in file ..\..\..\..\Source\templates\arm\arm_startup_nrf51.s
      At line 137 in file ..\..\..\..\Source\templates\arm\arm_startup_nrf51.s

TIMER2_IRQHandler 00000012

Symbol: TIMER2_IRQHandler
   Definitions
      At line 162 in file ..\..\..\..\Source\templates\arm\arm_startup_nrf51.s
   Uses
      At line 61 in file ..\..\..\..\Source\templates\arm\arm_startup_nrf51.s
      At line 138 in file ..\..\..\..\Source\templates\arm\arm_startup_nrf51.s

UART0_IRQHandler 00000012

Symbol: UART0_IRQHandler
   Definitions
      At line 155 in file ..\..\..\..\Source\templates\arm\arm_startup_nrf51.s
   Uses
      At line 53 in file ..\..\..\..\Source\templates\arm\arm_startup_nrf51.s
      At line 131 in file ..\..\..\..\Source\templates\arm\arm_startup_nrf51.s

WDT_IRQHandler 00000012

Symbol: WDT_IRQHandler
   Definitions
      At line 168 in file ..\..\..\..\Source\templates\arm\arm_startup_nrf51.s
   Uses
      At line 67 in file ..\..\..\..\Source\templates\arm\arm_startup_nrf51.s
      At line 144 in file ..\..\..\..\Source\templates\arm\arm_startup_nrf51.s

32 symbols



ARM Macro Assembler    Page 1 Alphabetic symbol ordering
Absolute symbols

Heap_Size 00000800

Symbol: Heap_Size
   Definitions
      At line 16 in file ..\..\..\..\Source\templates\arm\arm_startup_nrf51.s
   Uses
      At line 20 in file ..\..\..\..\Source\templates\arm\arm_startup_nrf51.s
Comment: Heap_Size used once
Stack_Size 00000800

Symbol: Stack_Size
   Definitions
      At line 11 in file ..\..\..\..\Source\templates\arm\arm_startup_nrf51.s
   Uses
      At line 13 in file ..\..\..\..\Source\templates\arm\arm_startup_nrf51.s
Comment: Stack_Size used once
__Vectors_Size 000000C0

Symbol: __Vectors_Size
   Definitions
      At line 87 in file ..\..\..\..\Source\templates\arm\arm_startup_nrf51.s
   Uses
      At line 31 in file ..\..\..\..\Source\templates\arm\arm_startup_nrf51.s
Comment: __Vectors_Size used once
3 symbols



ARM Macro Assembler    Page 1 Alphabetic symbol ordering
External symbols

SystemInit 00000000

Symbol: SystemInit
   Definitions
      At line 95 in file ..\..\..\..\Source\templates\arm\arm_startup_nrf51.s
   Uses
      At line 97 in file ..\..\..\..\Source\templates\arm\arm_startup_nrf51.s
Comment: SystemInit used once
__main 00000000

Symbol: __main
   Definitions
      At line 96 in file ..\..\..\..\Source\templates\arm\arm_startup_nrf51.s
   Uses
      At line 99 in file ..\..\..\..\Source\templates\arm\arm_startup_nrf51.s
Comment: __main used once
2 symbols
380 symbols in table
